# JRE version: OpenJDK Runtime Environment JBR-17.0.11+1-1207.24-jcef (17.0.11+1) (build 17.0.11+1-b1207.24)
# Java VM: OpenJDK 64-Bit Server VM JBR-17.0.11+1-1207.24-jcef (17.0.11+1-b1207.24, mixed mode, tiered, compressed oops, compressed class ptrs, g1 gc, windows-amd64)
GC Precious Log:
 CPUs: 20 total, 20 available
 Memory: 40648M
 Large Page Support: Disabled
 NUMA Support: Disabled
 Compressed Oops: Enabled (32-bit)
 Heap Region Size: 1M
 Heap Min Capacity: 128M
 Heap Initial Capacity: 128M
 Heap Max Capacity: 1G
 Pre-touch: Disabled
 Parallel Workers: 15
 Concurrent Workers: 4
 Concurrent Refinement Workers: 15
 Periodic GC: Disabled
Heap:
 garbage-first heap   total 131072K, used 14321K [0x00000000c0000000, 0x0000000100000000)
  region size 1024K, 6 young (6144K), 0 survivors (0K)
 Metaspace       used 25932K, committed 26304K, reserved 1114112K
  class space    used 2634K, committed 2816K, reserved 1048576K
GC Heap History (20 events):
Event: 388802.004 GC heap before
{Heap before GC invocations=110 (full 107):
 garbage-first heap   total 131072K, used 14321K [0x00000000c0000000, 0x0000000100000000)
  region size 1024K, 6 young (6144K), 0 survivors (0K)
 Metaspace       used 25932K, committed 26304K, reserved 1114112K
  class space    used 2634K, committed 2816K, reserved 1048576K
}
Event: 388802.011 GC heap after
{Heap after GC invocations=111 (full 108):
 garbage-first heap   total 131072K, used 9201K [0x00000000c0000000, 0x0000000100000000)
  region size 1024K, 0 young (0K), 0 survivors (0K)
 Metaspace       used 25932K, committed 26304K, reserved 1114112K
  class space    used 2634K, committed 2816K, reserved 1048576K
}
Event: 392402.014 GC heap before
{Heap before GC invocations=111 (full 108):
 garbage-first heap   total 131072K, used 14321K [0x00000000c0000000, 0x0000000100000000)
  region size 1024K, 6 young (6144K), 0 survivors (0K)
 Metaspace       used 25932K, committed 26304K, reserved 1114112K
  class space    used 2634K, committed 2816K, reserved 1048576K
}
Event: 392402.020 GC heap after
{Heap after GC invocations=112 (full 109):
 garbage-first heap   total 131072K, used 9201K [0x00000000c0000000, 0x0000000100000000)
  region size 1024K, 0 young (0K), 0 survivors (0K)
 Metaspace       used 25932K, committed 26304K, reserved 1114112K
  class space    used 2634K, committed 2816K, reserved 1048576K
}
Event: 396002.022 GC heap before
{Heap before GC invocations=112 (full 109):
 garbage-first heap   total 131072K, used 14321K [0x00000000c0000000, 0x0000000100000000)
  region size 1024K, 6 young (6144K), 0 survivors (0K)
 Metaspace       used 25932K, committed 26304K, reserved 1114112K
  class space    used 2634K, committed 2816K, reserved 1048576K
}
Event: 396002.027 GC heap after
{Heap after GC invocations=113 (full 110):
 garbage-first heap   total 131072K, used 9201K [0x00000000c0000000, 0x0000000100000000)
  region size 1024K, 0 young (0K), 0 survivors (0K)
 Metaspace       used 25932K, committed 26304K, reserved 1114112K
  class space    used 2634K, committed 2816K, reserved 1048576K
}
Event: 399602.038 GC heap before
{Heap before GC invocations=113 (full 110):
 garbage-first heap   total 131072K, used 14321K [0x00000000c0000000, 0x0000000100000000)
  region size 1024K, 6 young (6144K), 0 survivors (0K)
 Metaspace       used 25932K, committed 26304K, reserved 1114112K
  class space    used 2634K, committed 2816K, reserved 1048576K
}
Event: 399602.044 GC heap after
{Heap after GC invocations=114 (full 111):
 garbage-first heap   total 131072K, used 9201K [0x00000000c0000000, 0x0000000100000000)
  region size 1024K, 0 young (0K), 0 survivors (0K)
 Metaspace       used 25932K, committed 26304K, reserved 1114112K
  class space    used 2634K, committed 2816K, reserved 1048576K
}
Event: 403202.057 GC heap before
{Heap before GC invocations=114 (full 111):
 garbage-first heap   total 131072K, used 14321K [0x00000000c0000000, 0x0000000100000000)
  region size 1024K, 6 young (6144K), 0 survivors (0K)
 Metaspace       used 25932K, committed 26304K, reserved 1114112K
  class space    used 2634K, committed 2816K, reserved 1048576K
}
Event: 403202.062 GC heap after
{Heap after GC invocations=115 (full 112):
 garbage-first heap   total 131072K, used 9201K [0x00000000c0000000, 0x0000000100000000)
  region size 1024K, 0 young (0K), 0 survivors (0K)
 Metaspace       used 25932K, committed 26304K, reserved 1114112K
  class space    used 2634K, committed 2816K, reserved 1048576K
}
Event: 406802.064 GC heap before
{Heap before GC invocations=115 (full 112):
 garbage-first heap   total 131072K, used 14321K [0x00000000c0000000, 0x0000000100000000)
  region size 1024K, 6 young (6144K), 0 survivors (0K)
 Metaspace       used 25932K, committed 26304K, reserved 1114112K
  class space    used 2634K, committed 2816K, reserved 1048576K
}
Event: 406802.070 GC heap after
{Heap after GC invocations=116 (full 113):
 garbage-first heap   total 131072K, used 9201K [0x00000000c0000000, 0x0000000100000000)
  region size 1024K, 0 young (0K), 0 survivors (0K)
 Metaspace       used 25932K, committed 26304K, reserved 1114112K
  class space    used 2634K, committed 2816K, reserved 1048576K
}
Event: 410402.083 GC heap before
{Heap before GC invocations=116 (full 113):
 garbage-first heap   total 131072K, used 14321K [0x00000000c0000000, 0x0000000100000000)
  region size 1024K, 6 young (6144K), 0 survivors (0K)
 Metaspace       used 25932K, committed 26304K, reserved 1114112K
  class space    used 2634K, committed 2816K, reserved 1048576K
}
Event: 410402.088 GC heap after
{Heap after GC invocations=117 (full 114):
 garbage-first heap   total 131072K, used 9201K [0x00000000c0000000, 0x0000000100000000)
  region size 1024K, 0 young (0K), 0 survivors (0K)
 Metaspace       used 25932K, committed 26304K, reserved 1114112K
  class space    used 2634K, committed 2816K, reserved 1048576K
}
Event: 414002.088 GC heap before
{Heap before GC invocations=117 (full 114):
 garbage-first heap   total 131072K, used 14321K [0x00000000c0000000, 0x0000000100000000)
  region size 1024K, 6 young (6144K), 0 survivors (0K)
 Metaspace       used 25932K, committed 26304K, reserved 1114112K
  class space    used 2634K, committed 2816K, reserved 1048576K
}
Event: 414002.094 GC heap after
{Heap after GC invocations=118 (full 115):
 garbage-first heap   total 131072K, used 9201K [0x00000000c0000000, 0x0000000100000000)
  region size 1024K, 0 young (0K), 0 survivors (0K)
 Metaspace       used 25932K, committed 26304K, reserved 1114112K
  class space    used 2634K, committed 2816K, reserved 1048576K
}
Event: 417602.094 GC heap before
{Heap before GC invocations=118 (full 115):
 garbage-first heap   total 131072K, used 14321K [0x00000000c0000000, 0x0000000100000000)
  region size 1024K, 6 young (6144K), 0 survivors (0K)
 Metaspace       used 25932K, committed 26304K, reserved 1114112K
  class space    used 2634K, committed 2816K, reserved 1048576K
}
Event: 417602.099 GC heap after
{Heap after GC invocations=119 (full 116):
 garbage-first heap   total 131072K, used 9201K [0x00000000c0000000, 0x0000000100000000)
  region size 1024K, 0 young (0K), 0 survivors (0K)
 Metaspace       used 25932K, committed 26304K, reserved 1114112K
  class space    used 2634K, committed 2816K, reserved 1048576K
}
Event: 421202.100 GC heap before
{Heap before GC invocations=119 (full 116):
 garbage-first heap   total 131072K, used 14321K [0x00000000c0000000, 0x0000000100000000)
  region size 1024K, 6 young (6144K), 0 survivors (0K)
 Metaspace       used 25932K, committed 26304K, reserved 1114112K
  class space    used 2634K, committed 2816K, reserved 1048576K
}
Event: 421202.105 GC heap after
{Heap after GC invocations=120 (full 117):
 garbage-first heap   total 131072K, used 9201K [0x00000000c0000000, 0x0000000100000000)
  region size 1024K, 0 young (0K), 0 survivors (0K)
 Metaspace       used 25932K, committed 26304K, reserved 1114112K
  class space    used 2634K, committed 2816K, reserved 1048576K
}

